<?xml version="1.0" encoding="utf-8"?>
<test-run id="2" testcasecount="1" result="Passed" total="1" passed="1" failed="0" inconclusive="0" skipped="0" asserts="0" engine-version="3.5.0.0" clr-version="4.0.30319.42000" start-time="2026-07-15 16:18:20Z" end-time="2026-07-15 16:18:20Z" duration="0.0990537">
  <test-suite type="TestSuite" id="1009" name="xr-foundry-agent-commons-v1" fullname="xr-foundry-agent-commons-v1" runstate="Runnable" testcasecount="1" result="Passed" start-time="2026-07-15 16:18:20Z" end-time="2026-07-15 16:18:20Z" duration="0.099054" total="1" passed="1" failed="0" inconclusive="0" skipped="0" asserts="0">
    <properties>
      <property name="platform" value="PlayMode" />
    </properties>
    <test-suite type="Assembly" id="1003" name="Lingkyn.Inventory.UIToolkit.PlayMode.Tests.dll" fullname="PUBLIC_CONSUMER_ROOT/Library/ScriptAssemblies/Lingkyn.Inventory.UIToolkit.PlayMode.Tests.dll" runstate="Runnable" testcasecount="1" result="Passed" start-time="2026-07-15 16:18:20Z" end-time="2026-07-15 16:18:20Z" duration="0.092079" total="1" passed="1" failed="0" inconclusive="0" skipped="0" asserts="0">
      <properties>
        <property name="_PID" value="277352" />
        <property name="_APPDOMAIN" value="Unity Child Domain" />
        <property name="platform" value="PlayMode" />
        <property name="EditorOnly" value="False" />
      </properties>
      <test-suite type="TestSuite" id="1004" name="Lingkyn" fullname="Lingkyn" runstate="Runnable" testcasecount="1" result="Passed" start-time="2026-07-15 16:18:20Z" end-time="2026-07-15 16:18:20Z" duration="0.091333" total="1" passed="1" failed="0" inconclusive="0" skipped="0" asserts="0">
        <properties />
        <test-suite type="TestSuite" id="1005" name="Inventory" fullname="Lingkyn.Inventory" runstate="Runnable" testcasecount="1" result="Passed" start-time="2026-07-15 16:18:20Z" end-time="2026-07-15 16:18:20Z" duration="0.091073" total="1" passed="1" failed="0" inconclusive="0" skipped="0" asserts="0">
          <properties />
          <test-suite type="TestSuite" id="1006" name="UIToolkit" fullname="Lingkyn.Inventory.UIToolkit" runstate="Runnable" testcasecount="1" result="Passed" start-time="2026-07-15 16:18:20Z" end-time="2026-07-15 16:18:20Z" duration="0.090699" total="1" passed="1" failed="0" inconclusive="0" skipped="0" asserts="0">
            <properties />
            <test-suite type="TestSuite" id="1007" name="Tests" fullname="Lingkyn.Inventory.UIToolkit.Tests" runstate="Runnable" testcasecount="1" result="Passed" start-time="2026-07-15 16:18:20Z" end-time="2026-07-15 16:18:20Z" duration="0.090456" total="1" passed="1" failed="0" inconclusive="0" skipped="0" asserts="0">
              <properties />
              <test-suite type="TestFixture" id="1001" name="InventoryDocumentInteractionPlayModeTests" fullname="Lingkyn.Inventory.UIToolkit.Tests.InventoryDocumentInteractionPlayModeTests" classname="Lingkyn.Inventory.UIToolkit.Tests.InventoryDocumentInteractionPlayModeTests" runstate="Runnable" testcasecount="1" result="Passed" start-time="2026-07-15 16:18:20Z" end-time="2026-07-15 16:18:20Z" duration="0.089645" total="1" passed="1" failed="0" inconclusive="0" skipped="0" asserts="0">
                <properties />
                <test-case id="1002" name="InteractionGateSuppressesIntentsWithoutHidingRenderedState" fullname="Lingkyn.Inventory.UIToolkit.Tests.InventoryDocumentInteractionPlayModeTests.InteractionGateSuppressesIntentsWithoutHidingRenderedState" methodname="InteractionGateSuppressesIntentsWithoutHidingRenderedState" classname="Lingkyn.Inventory.UIToolkit.Tests.InventoryDocumentInteractionPlayModeTests" runstate="Runnable" seed="977146432" result="Passed" start-time="2026-07-15 16:18:20Z" end-time="2026-07-15 16:18:20Z" duration="0.082125" asserts="0">
                  <properties>
                    <property name="_JOINTYPE" value="UnityCombinatorial" />
                    <property name="retryIteration" value="0" />
                    <property name="repeatIteration" value="0" />
                  </properties>
                  <output><![CDATA[Saving results to: PUBLIC_CONSUMER_ROOT\h-uitoolkit-playmode.xml
]]></output>
                </test-case>
              </test-suite>
            </test-suite>
          </test-suite>
        </test-suite>
      </test-suite>
    </test-suite>
  </test-suite>
</test-run>